2017-03-08 09:06:55 [INFO] Starting minecraft server version 1.6.4
2017-03-08 09:07:08 [INFO] Loading properties
2017-03-08 09:07:08 [INFO] Default game type: SURVIVAL
2017-03-08 09:07:08 [INFO] Generating keypair
2017-03-08 09:07:08 [INFO] Starting Minecraft server on *:25565
2017-03-08 09:07:11 [INFO] [qCraft] Loading qCraft v1.1 (rev 253)
2017-03-08 09:07:13 [WARNING] Failed to load operators list: java.io.FileNotFoundException: ./ops.txt (No such file or directory)
2017-03-08 09:07:13 [WARNING] Failed to load white-list: java.io.FileNotFoundException: ./white-list.txt (No such file or directory)
2017-03-08 09:07:13 [INFO] Preparing level "world"
2017-03-08 09:07:14 [INFO] Preparing start region for level 0
2017-03-08 09:07:15 [INFO] Preparing spawn area: 5%
2017-03-08 09:07:17 [INFO] Preparing spawn area: 13%
2017-03-08 09:07:18 [INFO] Preparing spawn area: 28%
2017-03-08 09:07:19 [INFO] Preparing spawn area: 35%
2017-03-08 09:07:20 [INFO] Preparing spawn area: 50%
2017-03-08 09:07:21 [INFO] Preparing spawn area: 56%
2017-03-08 09:07:22 [INFO] Preparing spawn area: 67%
2017-03-08 09:07:23 [INFO] Preparing spawn area: 79%
2017-03-08 09:07:24 [INFO] Preparing spawn area: 84%
2017-03-08 09:07:25 [INFO] Preparing spawn area: 92%
2017-03-08 09:07:26 [INFO] Done (12.831s)! For help, type "help" or "?"
2017-03-08 09:11:01 [SEVERE] Reached end of stream for /68.107.241.129
2017-03-08 09:11:05 [INFO] KoreanwGlasses[/68.107.241.129:17488] logged in with entity id 5913 at (3.5, 73.0, 246.5)
2017-03-08 09:11:05 [INFO] KoreanwGlasses joined the game
2017-03-08 09:11:23 [INFO] KoreanwGlasses lost connection: disconnect.quitting
2017-03-08 09:11:23 [INFO] KoreanwGlasses left the game
2017-03-08 09:11:31 [INFO] Stopping the server
2017-03-08 09:11:31 [INFO] Stopping server
2017-03-08 09:11:31 [INFO] Closing listening thread
2017-03-08 09:11:31 [INFO] Saving players
2017-03-08 09:11:31 [INFO] Saving worlds
2017-03-08 09:11:31 [INFO] Saving chunks for level 'world'/Overworld
2017-03-08 09:11:31 [INFO] Saving chunks for level 'world'/Nether
2017-03-08 09:11:31 [INFO] Stopping server
2017-03-08 09:11:31 [INFO] Saving players
2017-03-08 09:11:31 [INFO] Saving worlds
2017-03-08 09:14:01 [INFO] Starting minecraft server version 1.6.4
2017-03-08 09:14:14 [INFO] Loading properties
2017-03-08 09:14:14 [INFO] Default game type: SURVIVAL
2017-03-08 09:14:14 [INFO] Generating keypair
2017-03-08 09:14:14 [INFO] Starting Minecraft server on *:25565
2017-03-08 09:14:17 [INFO] [qCraft] Loading qCraft v1.1 (rev 253)
2017-03-08 09:14:19 [INFO] Preparing level "world"
2017-03-08 09:14:19 [INFO] Preparing start region for level 0
2017-03-08 09:14:20 [INFO] Done (0.982s)! For help, type "help" or "?"
2017-03-08 09:15:47 [SEVERE] Reached end of stream for /68.107.241.129
2017-03-08 09:15:55 [INFO] KoreanwGlasses[/68.107.241.129:54636] logged in with entity id 344 at (-1.073602543660706, 69.0, 250.69999998807907)
2017-03-08 09:15:55 [INFO] KoreanwGlasses joined the game
2017-03-08 09:18:55 [INFO] KoreanwGlasses lost connection: disconnect.quitting
2017-03-08 09:18:55 [INFO] KoreanwGlasses left the game
2017-03-08 09:19:01 [INFO] Stopping the server
2017-03-08 09:19:01 [INFO] Stopping server
2017-03-08 09:19:01 [INFO] Saving players
2017-03-08 09:19:01 [INFO] Saving worlds
2017-03-08 09:19:01 [INFO] Saving chunks for level 'world'/Overworld
2017-03-08 09:19:01 [INFO] Closing listening thread
2017-03-08 09:19:01 [INFO] Saving chunks for level 'world'/Nether
2017-03-08 09:19:02 [INFO] Stopping server
2017-03-08 09:19:02 [INFO] Saving players
2017-03-08 09:19:02 [INFO] Saving worlds
