[00:03:40] [Server thread/INFO]: KoreanwGlasses fell out of the world
[00:06:01] [Server thread/INFO]: KoreanwGlasses has just earned the achievement [Pocket storage!]
[00:11:48] [Server thread/INFO]: KoreanwGlasses has just earned the achievement [EMC Batteries]
[00:13:26] [Server thread/INFO]: KoreanwGlasses has just earned the achievement [The power of the sun!]
[00:19:13] [Server thread/INFO]: KoreanwGlasses has just earned the achievement [Power flowers!]
[00:40:10] [Server thread/INFO]: KoreanwGlasses fell out of the world
[00:52:42] [Server thread/INFO]: KoreanwGlasses fell out of the world
[00:57:11] [Server thread/INFO]: KoreanwGlasses has just earned the achievement [The start of something big]
[00:57:45] [Server thread/INFO]: KoreanwGlasses has just earned the achievement [High efficiency]
[01:07:47] [Server thread/INFO]: KoreanwGlasses fell out of the world
[01:12:03] [Server thread/INFO]: KoreanwGlasses has just earned the achievement [Just hit it!]
[01:18:10] [Server thread/WARN]: KoreanwGlasses moved wrongly!
[01:24:45] [Server thread/INFO]: KoreanwGlasses fell out of the world
[01:25:12] [Server thread/INFO]: KoreanwGlasses has just earned the achievement [Even better Matter!]
[01:44:22] [Server thread/INFO]: KoreanwGlasses fell out of the world
[01:52:40] [Server thread/INFO]: KoreanwGlasses fell out of the world
[02:06:56] [Server thread/INFO]: KoreanwGlasses lost connection: TextComponent{text='Disconnected', siblings=[], style=Style{hasParent=false, color=null, bold=null, italic=null, underlined=null, obfuscated=null, clickEvent=null, hoverEvent=null}}
[02:06:56] [Server thread/INFO]: KoreanwGlasses left the game
[02:07:03] [Server thread/INFO]: Stopping the server
[02:07:04] [Server thread/INFO]: Stopping server
[02:07:04] [Server thread/INFO]: Saving players
[02:07:04] [Server thread/INFO]: Saving worlds
[02:07:04] [Server thread/INFO]: Saving chunks for level 'world'/Overworld
[02:07:04] [Server thread/INFO]: Saving chunks for level 'world'/Nether
